{"level":"error","message":"Missing required fields: question, subject, topic, difficulty, marks","method":"POST","path":"/questions","service":"question-service","status":400,"timestamp":"2024-09-22 17:45:46"}
{"level":"error","message":"Invalid count values. easyCount, mediumCount, and hardCount should be non-negative integers.","method":"POST","path":"/generate-paper","service":"question-service","status":400,"timestamp":"2024-09-22 18:04:37"}
{"level":"error","message":"Invalid count values. easyCount, mediumCount, and hardCount should be non-negative integers.","method":"POST","path":"/generate-paper","service":"question-service","status":400,"timestamp":"2024-09-22 18:08:33"}
{"level":"error","message":"Invalid count values. easyCount, mediumCount, and hardCount should be non-negative integers.","method":"POST","path":"/generate-paper","service":"question-service","status":400,"timestamp":"2024-09-22 18:09:21"}
{"level":"error","message":"Invalid count values. easyCount, mediumCount, and hardCount should be non-negative integers.","method":"POST","path":"/generate-paper","service":"question-service","status":400,"timestamp":"2024-09-22 18:10:21"}
{"level":"error","message":"Selected questions do not add up to the specified total marks. Selected Marks: 375","method":"POST","path":"/generate-paper","service":"question-service","status":400,"timestamp":"2024-09-22 18:11:40"}
{"level":"error","message":"Invalid totalMarks value. It should be a positive number.","method":"POST","path":"/generate-paper","service":"question-service","status":400,"timestamp":"2024-09-22 18:31:03"}
{"level":"error","message":"Invalid totalMarks value. It should be a positive number.","method":"POST","path":"/generate-paper","service":"question-service","status":400,"timestamp":"2024-09-22 18:46:37"}
{"level":"error","message":"Missing required fields: question, subject, topic, difficulty, marks","method":"POST","path":"/questions","service":"question-service","status":400,"timestamp":"2024-09-22 19:00:53"}
{"level":"error","message":"Missing required fields: question, subject, topic, difficulty, marks","method":"POST","path":"/questions","service":"question-service","status":400,"timestamp":"2024-09-22 19:00:58"}
{"level":"error","message":"Missing required fields: question, subject, topic, difficulty, marks","method":"POST","path":"/questions","service":"question-service","status":400,"timestamp":"2024-09-22 19:01:35"}
{"level":"error","message":"Invalid totalMarks value. It should be a positive number.","method":"POST","path":"/generate-paper","service":"question-service","status":400,"timestamp":"2024-10-06 18:02:21"}
{"error":"MongoServerSelectionError: connection <monitor> to 15.207.41.14:27017 closed","level":"error","message":"Failed to retrieve questions","method":"GET","path":"/questions","service":"question-service","status":500,"timestamp":"2024-10-06 18:44:21"}
{"level":"error","message":"Invalid totalMarks value. It should be a positive number.","method":"POST","path":"/generate-paper","service":"question-service","status":400,"timestamp":"2024-10-06 19:10:07"}
{"level":"error","message":"Invalid totalMarks value. It should be a positive number.","method":"POST","path":"/generate-paper","service":"question-service","status":400,"timestamp":"2024-10-06 19:53:55"}
{"level":"error","message":"Invalid totalMarks value. It should be a positive number.","method":"POST","path":"/generate-paper","service":"question-service","status":400,"timestamp":"2024-10-06 19:58:56"}
{"level":"error","message":"Invalid totalMarks value. It should be a positive number.","method":"POST","path":"/generate-paper","service":"question-service","status":400,"timestamp":"2024-10-19 11:36:25"}
{"level":"error","message":"Selected questions do not add up to the specified total marks. Selected Marks: 95","method":"POST","path":"/generate-paper","service":"question-service","status":400,"timestamp":"2024-10-19 11:37:54"}
{"level":"error","message":"Selected questions do not add up to the specified total marks. Selected Marks: 0","method":"POST","path":"/generate-paper","service":"question-service","status":400,"timestamp":"2024-10-19 11:42:54"}
{"level":"error","message":"Selected questions do not add up to the specified total marks. Selected Marks: 95","method":"POST","path":"/generate-paper","service":"question-service","status":400,"timestamp":"2024-10-19 11:43:26"}
{"level":"error","message":"Selected questions do not add up to the specified total marks. Selected Marks: 95","method":"POST","path":"/generate-paper","service":"question-service","status":400,"timestamp":"2024-10-19 11:49:58"}
{"level":"error","message":"Selected questions do not add up to the specified total marks. Selected Marks: 195","method":"POST","path":"/generate-paper","service":"question-service","status":400,"timestamp":"2024-10-19 11:50:34"}
{"level":"error","message":"Selected questions do not add up to the specified total marks. Selected Marks: 195","method":"POST","path":"/generate-paper","service":"question-service","status":400,"timestamp":"2024-10-19 11:50:44"}
{"level":"error","message":"Selected questions do not add up to the specified total marks. Selected Marks: 195","method":"POST","path":"/generate-paper","service":"question-service","status":400,"timestamp":"2024-10-19 11:50:45"}
{"level":"error","message":"Selected questions do not add up to the specified total marks. Selected Marks: 195","method":"POST","path":"/generate-paper","service":"question-service","status":400,"timestamp":"2024-10-19 11:50:46"}
{"level":"error","message":"Selected questions do not add up to the specified total marks. Selected Marks: 195","method":"POST","path":"/generate-paper","service":"question-service","status":400,"timestamp":"2024-10-19 11:51:11"}
{"level":"error","message":"Selected questions do not add up to the specified total marks. Selected Marks: 195","method":"POST","path":"/generate-paper","service":"question-service","status":400,"timestamp":"2024-10-19 11:55:03"}
{"level":"error","message":"Selected questions do not add up to the specified total marks. Selected Marks: 195","method":"POST","path":"/generate-paper","service":"question-service","status":400,"timestamp":"2024-10-19 11:55:05"}
{"level":"error","message":"Selected questions do not add up to the specified total marks. Selected Marks: 195","method":"POST","path":"/generate-paper","service":"question-service","status":400,"timestamp":"2024-10-19 11:55:06"}
